[2025-06-19T22:49:25.454Z] INFO: Server started on port 3000
[2025-06-20T08:50:59.523Z] INFO: Server started on port 3000
[2025-06-20T08:52:16.704Z] INFO: [object Object]
[2025-06-20T08:52:26.057Z] INFO: [object Object]
[2025-06-20T08:57:57.434Z] INFO: [object Object]
[2025-06-20T08:58:02.625Z] INFO: [object Object]
[2025-06-20T11:30:58.946Z] INFO: [object Object]
[2025-06-20T11:31:03.824Z] INFO: [object Object]
[2025-06-20T11:33:34.245Z] INFO: Server started on port 3000
[2025-06-20T11:33:54.310Z] INFO: [object Object]
[2025-06-20T11:33:59.485Z] INFO: [object Object]
[2025-06-20T11:34:05.228Z] INFO: [object Object]
[2025-06-20T11:34:37.485Z] INFO: [object Object]
[2025-06-20T11:34:37.585Z] INFO: [object Object]
[2025-06-20T11:34:47.352Z] INFO: [object Object]
[2025-06-20T11:34:54.108Z] INFO: [object Object]
[2025-06-20T11:35:00.515Z] INFO: [object Object]
[2025-06-20T11:36:18.552Z] INFO: [object Object]
[2025-06-20T11:37:44.113Z] INFO: [object Object]
[2025-06-20T11:45:02.205Z] INFO: [object Object]
[2025-06-20T11:46:23.585Z] INFO: [object Object]
[2025-06-20T11:49:28.585Z] INFO: [object Object]
[2025-06-20T11:50:42.187Z] INFO: Server started on port 3000
[2025-06-20T11:50:58.520Z] INFO: [object Object]
[2025-06-20T12:00:23.794Z] INFO: Server started on port 3000
[2025-06-20T13:36:39.765Z] INFO: Server started on port 3000
[2025-06-20T15:17:03.244Z] INFO: Server started on port 3000
[2025-06-20T15:56:59.057Z] INFO: Server started on port 3000
[2025-06-20T15:59:57.180Z] INFO: Server started on port 3000
[2025-06-20T17:39:19.155Z] INFO: Server started on port 3000
[2025-06-24T13:57:53.728Z] INFO: Server started on port 5000
[2025-06-24T14:05:07.405Z] INFO: Server started on port 5000
[2025-06-24T14:18:16.746Z] INFO: [object Object]
[2025-06-24T14:18:36.448Z] INFO: [object Object]
[2025-06-24T14:18:36.644Z] INFO: [object Object]
[2025-06-24T14:19:44.481Z] INFO: [object Object]
[2025-06-24T14:19:53.865Z] INFO: [object Object]
[2025-06-24T14:20:05.748Z] INFO: [object Object]
[2025-06-24T14:20:12.502Z] INFO: [object Object]
[2025-06-24T14:20:15.532Z] INFO: [object Object]
[2025-06-24T14:20:35.200Z] INFO: [object Object]
[2025-06-24T14:20:51.792Z] INFO: [object Object]
[2025-06-24T14:21:05.795Z] INFO: [object Object]
[2025-06-24T14:21:15.227Z] INFO: [object Object]
[2025-06-24T14:21:24.138Z] INFO: [object Object]
[2025-06-24T14:37:22.102Z] INFO: [object Object]
[2025-06-24T14:37:23.030Z] INFO: [object Object]
[2025-06-24T14:37:24.334Z] INFO: [object Object]
[2025-06-24T14:37:28.539Z] INFO: [object Object]
[2025-06-24T14:37:52.313Z] INFO: [object Object]
[2025-06-24T14:38:32.103Z] INFO: [object Object]
[2025-06-24T14:38:47.854Z] INFO: [object Object]
[2025-06-24T14:39:03.864Z] INFO: [object Object]
[2025-06-24T14:39:04.842Z] INFO: [object Object]
[2025-06-24T14:48:23.320Z] INFO: Server started on port 5000
[2025-06-24T14:48:52.812Z] INFO: [object Object]
[2025-06-24T14:49:34.656Z] INFO: [object Object]
[2025-06-24T14:49:42.221Z] INFO: [object Object]
[2025-06-24T14:49:55.191Z] INFO: [object Object]
[2025-06-24T14:49:55.743Z] INFO: [object Object]
[2025-06-24T14:52:00.145Z] INFO: [object Object]
[2025-06-24T14:52:03.196Z] INFO: [object Object]
[2025-06-24T14:52:55.548Z] INFO: [object Object]
[2025-06-24T14:53:17.601Z] INFO: [object Object]
[2025-06-24T14:53:17.606Z] INFO: [object Object]
[2025-06-24T14:53:36.963Z] INFO: [object Object]
[2025-06-24T14:53:36.970Z] INFO: [object Object]
[2025-06-24T14:55:05.108Z] INFO: [object Object]
[2025-06-24T14:55:11.527Z] INFO: [object Object]
[2025-06-24T14:55:11.531Z] INFO: [object Object]
[2025-06-24T14:55:13.128Z] INFO: [object Object]
[2025-06-24T14:55:13.177Z] INFO: [object Object]
[2025-06-24T14:55:13.510Z] INFO: [object Object]
[2025-06-24T14:55:17.274Z] INFO: [object Object]
[2025-06-24T14:55:17.282Z] INFO: [object Object]
[2025-06-24T14:55:18.397Z] INFO: [object Object]
[2025-06-24T14:55:18.404Z] INFO: [object Object]
[2025-06-24T14:55:18.712Z] INFO: [object Object]
[2025-06-24T14:55:19.445Z] INFO: [object Object]
[2025-06-24T14:55:19.450Z] INFO: [object Object]
[2025-06-24T14:55:24.438Z] INFO: [object Object]
[2025-06-24T14:55:24.508Z] INFO: [object Object]
[2025-06-24T14:55:28.835Z] INFO: [object Object]
[2025-06-24T14:55:28.901Z] INFO: [object Object]
[2025-06-24T14:57:53.239Z] INFO: [object Object]
[2025-06-24T14:57:53.244Z] INFO: [object Object]
[2025-06-24T14:58:06.875Z] INFO: [object Object]
[2025-06-24T14:58:06.879Z] INFO: [object Object]
[2025-06-24T14:58:09.966Z] INFO: [object Object]
[2025-06-24T14:58:09.974Z] INFO: [object Object]
[2025-06-24T14:58:13.989Z] INFO: [object Object]
[2025-06-24T14:58:13.993Z] INFO: [object Object]
[2025-06-24T14:58:14.298Z] INFO: [object Object]
[2025-06-24T14:58:15.719Z] INFO: [object Object]
[2025-06-24T14:58:15.724Z] INFO: [object Object]
[2025-06-24T14:58:26.960Z] INFO: [object Object]
[2025-06-24T14:58:26.966Z] INFO: [object Object]
[2025-06-24T14:58:28.559Z] INFO: [object Object]
[2025-06-24T14:58:30.199Z] INFO: [object Object]
[2025-06-24T14:58:30.206Z] INFO: [object Object]
[2025-06-24T15:00:47.291Z] INFO: [object Object]
[2025-06-24T15:00:47.607Z] INFO: [object Object]
[2025-06-24T15:00:48.329Z] INFO: [object Object]
[2025-06-24T15:00:48.342Z] INFO: [object Object]
[2025-06-24T15:00:48.636Z] INFO: [object Object]
[2025-06-24T15:00:50.148Z] INFO: [object Object]
[2025-06-24T15:00:50.160Z] INFO: [object Object]
[2025-06-24T15:00:50.749Z] INFO: [object Object]
[2025-06-24T15:00:52.285Z] INFO: [object Object]
[2025-06-24T15:00:55.165Z] INFO: [object Object]
[2025-06-24T15:00:55.582Z] INFO: [object Object]
[2025-06-24T15:01:05.158Z] INFO: [object Object]
[2025-06-24T15:01:05.568Z] INFO: [object Object]
[2025-06-24T15:01:07.105Z] INFO: [object Object]
[2025-06-24T15:01:07.395Z] INFO: [object Object]
[2025-06-24T15:01:08.012Z] INFO: [object Object]
[2025-06-24T15:01:08.017Z] INFO: [object Object]
[2025-06-24T15:01:08.022Z] INFO: [object Object]
[2025-06-24T15:01:09.034Z] INFO: [object Object]
[2025-06-24T15:01:09.338Z] INFO: [object Object]
[2025-06-24T15:01:09.874Z] INFO: [object Object]
[2025-06-24T15:01:11.463Z] INFO: [object Object]
[2025-06-24T15:01:11.779Z] INFO: [object Object]
[2025-06-24T15:05:13.943Z] INFO: [object Object]
[2025-06-24T15:05:13.950Z] INFO: [object Object]
[2025-06-24T15:13:23.496Z] INFO: [object Object]
[2025-06-24T15:13:23.600Z] INFO: [object Object]
[2025-06-24T15:13:27.522Z] INFO: [object Object]
[2025-06-24T15:13:27.526Z] INFO: [object Object]
[2025-06-24T15:16:23.798Z] INFO: [object Object]
[2025-06-24T15:16:23.802Z] INFO: [object Object]
[2025-06-24T15:16:23.818Z] INFO: [object Object]
[2025-06-24T15:16:41.024Z] INFO: [object Object]
[2025-06-24T15:16:41.029Z] INFO: [object Object]
[2025-06-24T15:16:46.076Z] INFO: [object Object]
[2025-06-24T15:28:04.593Z] INFO: [object Object]
[2025-06-24T15:28:04.830Z] INFO: [object Object]
[2025-06-24T15:28:06.249Z] INFO: [object Object]
[2025-06-24T15:28:06.254Z] INFO: [object Object]
[2025-06-24T15:28:06.261Z] INFO: [object Object]
[2025-06-24T15:28:07.507Z] INFO: [object Object]
[2025-06-24T15:28:07.822Z] INFO: [object Object]
[2025-06-24T15:28:09.248Z] INFO: [object Object]
[2025-06-24T15:28:09.254Z] INFO: [object Object]
[2025-06-24T15:33:10.050Z] INFO: [object Object]
[2025-06-24T15:33:10.056Z] INFO: [object Object]
[2025-06-24T15:33:27.045Z] INFO: [object Object]
[2025-06-24T15:33:27.050Z] INFO: [object Object]
[2025-06-24T15:33:34.691Z] INFO: [object Object]
[2025-06-24T15:33:35.010Z] INFO: [object Object]
[2025-06-24T15:33:35.020Z] INFO: [object Object]
[2025-06-24T15:36:37.724Z] INFO: [object Object]
[2025-06-24T15:36:37.730Z] INFO: [object Object]
[2025-06-24T15:37:07.269Z] INFO: [object Object]
[2025-06-24T15:37:07.275Z] INFO: [object Object]
[2025-06-24T15:37:11.795Z] INFO: [object Object]
[2025-06-24T15:37:11.912Z] INFO: [object Object]
[2025-06-24T15:37:14.165Z] INFO: [object Object]
[2025-06-24T15:37:14.415Z] INFO: [object Object]
[2025-06-24T15:38:41.727Z] INFO: [object Object]
[2025-06-24T15:38:41.730Z] INFO: [object Object]
[2025-06-24T15:38:51.529Z] INFO: [object Object]
[2025-06-24T15:38:54.560Z] INFO: [object Object]
[2025-06-24T15:38:54.837Z] INFO: [object Object]
[2025-06-24T15:39:01.091Z] INFO: [object Object]
[2025-06-24T15:39:01.094Z] INFO: [object Object]
[2025-06-24T15:39:51.566Z] INFO: [object Object]
[2025-06-24T15:39:51.898Z] INFO: [object Object]
[2025-06-24T15:39:51.900Z] INFO: [object Object]
[2025-06-24T15:40:22.165Z] INFO: [object Object]
[2025-06-24T15:40:22.440Z] INFO: [object Object]
[2025-06-24T15:40:22.443Z] INFO: [object Object]
[2025-06-24T15:41:41.991Z] INFO: [object Object]
[2025-06-24T15:41:41.994Z] INFO: [object Object]
[2025-06-24T15:41:42.407Z] INFO: [object Object]
[2025-06-24T15:41:42.741Z] INFO: [object Object]
[2025-06-24T15:41:42.752Z] INFO: [object Object]
[2025-06-24T15:41:43.723Z] INFO: [object Object]
[2025-06-24T15:41:43.727Z] INFO: [object Object]
[2025-06-24T15:43:02.438Z] INFO: [object Object]
[2025-06-24T15:43:02.441Z] INFO: [object Object]
[2025-06-24T15:43:02.444Z] INFO: [object Object]
[2025-06-24T16:12:16.769Z] INFO: [object Object]
[2025-06-24T16:12:25.956Z] INFO: [object Object]
[2025-06-24T16:12:26.221Z] INFO: [object Object]
[2025-06-24T16:13:39.732Z] INFO: [object Object]
[2025-06-24T16:13:39.853Z] INFO: [object Object]
[2025-06-24T16:13:45.705Z] INFO: [object Object]
[2025-06-24T16:13:51.496Z] INFO: [object Object]
[2025-06-24T16:24:01.621Z] INFO: [object Object]
[2025-06-24T16:24:01.628Z] INFO: [object Object]
[2025-06-24T16:24:05.086Z] INFO: [object Object]
[2025-06-24T16:24:06.773Z] INFO: [object Object]
[2025-06-24T16:24:06.776Z] INFO: [object Object]
[2025-06-24T16:24:07.530Z] INFO: [object Object]
[2025-06-24T16:24:07.853Z] INFO: [object Object]
[2025-06-24T16:25:34.266Z] INFO: [object Object]
[2025-06-24T16:25:34.277Z] INFO: [object Object]
[2025-06-24T16:26:01.448Z] INFO: [object Object]
[2025-06-24T16:26:05.770Z] INFO: [object Object]
[2025-06-24T16:26:11.886Z] INFO: [object Object]
[2025-06-24T16:26:11.890Z] INFO: [object Object]
[2025-06-24T21:58:43.365Z] INFO: [object Object]
[2025-06-24T21:58:43.368Z] INFO: [object Object]
[2025-06-24T21:58:57.193Z] INFO: [object Object]
[2025-06-24T21:59:00.386Z] INFO: [object Object]
[2025-06-24T21:59:00.672Z] INFO: [object Object]
[2025-06-24T22:34:07.421Z] INFO: Server started on port 5000
[2025-06-24T22:53:18.118Z] INFO: Server started on port 5000
[2025-06-24T23:02:39.445Z] INFO: Server started on port 5000
[2025-06-24T23:05:18.683Z] INFO: [object Object]
[2025-06-24T23:06:15.911Z] INFO: [object Object]
[2025-06-24T23:24:27.315Z] INFO: [object Object]
[2025-06-24T23:43:31.335Z] INFO: Server started on port 5000
[2025-06-24T23:51:33.835Z] INFO: Server started on port 5000
[2025-06-24T23:51:55.992Z] INFO: [object Object]
[2025-06-24T23:51:56.798Z] INFO: [object Object]
[2025-06-24T23:51:58.156Z] INFO: [object Object]
[2025-06-24T23:51:58.181Z] INFO: [object Object]
[2025-06-24T23:52:10.565Z] INFO: [object Object]
[2025-06-24T23:52:10.586Z] INFO: [object Object]
[2025-06-25T00:00:41.277Z] INFO: [object Object]
[2025-06-25T00:01:38.467Z] INFO: [object Object]
[2025-06-25T00:04:21.561Z] INFO: [object Object]
[2025-06-25T00:04:21.583Z] INFO: [object Object]
[2025-06-25T00:04:29.773Z] INFO: [object Object]
[2025-06-25T00:04:29.798Z] INFO: [object Object]
[2025-06-25T00:05:11.287Z] INFO: [object Object]
[2025-06-25T00:05:34.949Z] INFO: [object Object]
[2025-06-25T00:06:09.698Z] INFO: [object Object]
[2025-06-25T00:06:26.026Z] INFO: [object Object]
[2025-06-25T00:06:43.948Z] INFO: [object Object]
[2025-06-25T00:06:44.282Z] INFO: [object Object]
[2025-06-25T00:06:44.569Z] INFO: [object Object]
[2025-06-25T00:08:13.266Z] INFO: [object Object]
[2025-06-25T00:08:13.279Z] INFO: [object Object]
[2025-06-25T00:08:15.801Z] INFO: [object Object]
[2025-06-25T00:08:16.897Z] INFO: [object Object]
[2025-06-25T00:08:16.914Z] INFO: [object Object]
[2025-06-25T00:08:18.195Z] INFO: [object Object]
[2025-06-25T00:08:18.204Z] INFO: [object Object]
[2025-06-25T00:08:27.203Z] INFO: [object Object]
[2025-06-25T00:08:28.801Z] INFO: [object Object]
[2025-06-25T00:11:59.805Z] INFO: [object Object]
[2025-06-25T00:11:59.809Z] INFO: [object Object]
[2025-06-25T00:12:06.129Z] INFO: [object Object]
[2025-06-25T00:13:42.584Z] INFO: [object Object]
[2025-06-25T00:13:48.297Z] INFO: [object Object]
[2025-06-25T00:13:48.300Z] INFO: [object Object]
[2025-06-25T00:14:39.418Z] INFO: Server started on port 5000
[2025-06-25T00:30:19.155Z] INFO: [object Object]
[2025-06-25T00:30:19.314Z] INFO: [object Object]
[2025-06-25T00:30:23.796Z] INFO: [object Object]
[2025-06-25T00:30:23.807Z] INFO: [object Object]
[2025-06-25T00:30:39.624Z] INFO: [object Object]
[2025-06-25T00:30:39.666Z] INFO: [object Object]
[2025-06-25T00:32:42.349Z] INFO: [object Object]
[2025-06-25T00:32:42.359Z] INFO: [object Object]
[2025-06-25T00:32:50.738Z] INFO: [object Object]
[2025-06-25T00:32:50.748Z] INFO: [object Object]
[2025-06-25T00:33:03.296Z] INFO: [object Object]
[2025-06-25T00:33:03.303Z] INFO: [object Object]
[2025-06-25T00:33:12.335Z] INFO: [object Object]
[2025-06-25T00:33:12.357Z] INFO: [object Object]
[2025-06-25T00:34:14.236Z] INFO: [object Object]
[2025-06-25T00:34:14.258Z] INFO: [object Object]
[2025-06-25T00:37:39.101Z] INFO: [object Object]
[2025-06-25T00:37:52.214Z] INFO: [object Object]
[2025-06-25T00:37:52.295Z] INFO: [object Object]
[2025-06-25T00:37:57.419Z] INFO: [object Object]
[2025-06-25T00:37:57.510Z] INFO: [object Object]
[2025-06-25T00:38:27.120Z] INFO: [object Object]
[2025-06-25T00:38:27.190Z] INFO: [object Object]
[2025-06-25T00:38:30.172Z] INFO: [object Object]
[2025-06-25T00:38:30.180Z] INFO: [object Object]
[2025-06-25T00:38:39.065Z] INFO: [object Object]
[2025-06-25T00:38:39.864Z] INFO: [object Object]
[2025-06-25T00:38:39.871Z] INFO: [object Object]
[2025-06-25T00:38:40.891Z] INFO: [object Object]
[2025-06-25T00:38:40.900Z] INFO: [object Object]
[2025-06-25T00:39:35.755Z] INFO: [object Object]
[2025-06-25T00:39:35.758Z] INFO: [object Object]
[2025-06-25T00:39:56.177Z] INFO: [object Object]
[2025-06-25T00:39:56.221Z] INFO: [object Object]
[2025-06-25T00:41:54.185Z] INFO: [object Object]
[2025-06-25T00:41:54.194Z] INFO: [object Object]
[2025-06-25T00:41:54.886Z] INFO: [object Object]
[2025-06-25T00:41:54.892Z] INFO: [object Object]
[2025-06-25T00:42:06.030Z] INFO: [object Object]
[2025-06-25T00:42:13.411Z] INFO: [object Object]
[2025-06-25T00:42:15.770Z] INFO: [object Object]
[2025-06-25T00:42:17.195Z] INFO: [object Object]
[2025-06-25T00:42:22.503Z] INFO: [object Object]
[2025-06-25T00:42:26.583Z] INFO: [object Object]
[2025-06-25T00:42:26.592Z] INFO: [object Object]
[2025-06-25T00:42:44.089Z] INFO: [object Object]
[2025-06-25T00:42:44.124Z] INFO: [object Object]
[2025-06-25T08:29:07.160Z] INFO: Server started on port 5000
{"level":"info","message":"Server started on port 5000","timestamp":"2025-06-25T08:49:51.652Z"}
{"level":"info","message":"{\"method\":\"GET\",\"path\":\"/stats\",\"status\":200,\"duration\":\"152ms\",\"params\":{},\"query\":{}}","timestamp":"2025-06-25T08:52:45.599Z"}
{"level":"info","message":"{\"method\":\"GET\",\"path\":\"/\",\"status\":200,\"duration\":\"168ms\",\"params\":{},\"query\":{}}","timestamp":"2025-06-25T08:52:50.951Z"}
{"level":"info","message":"{\"method\":\"GET\",\"path\":\"/\",\"status\":200,\"duration\":\"162ms\",\"params\":{},\"query\":{}}","timestamp":"2025-06-25T08:52:50.968Z"}
{"level":"info","message":"{\"method\":\"GET\",\"path\":\"/\",\"status\":304,\"duration\":\"21ms\",\"params\":{},\"query\":{}}","timestamp":"2025-06-25T08:52:52.799Z"}
{"level":"info","message":"{\"method\":\"GET\",\"path\":\"/\",\"status\":304,\"duration\":\"31ms\",\"params\":{},\"query\":{}}","timestamp":"2025-06-25T08:52:53.588Z"}
{"level":"info","message":"{\"method\":\"GET\",\"path\":\"/\",\"status\":304,\"duration\":\"44ms\",\"params\":{},\"query\":{}}","timestamp":"2025-06-25T08:52:53.604Z"}
{"level":"info","message":"{\"method\":\"GET\",\"path\":\"/\",\"status\":304,\"duration\":\"16ms\",\"params\":{},\"query\":{}}","timestamp":"2025-06-25T08:52:56.124Z"}
{"level":"info","message":"{\"method\":\"GET\",\"path\":\"/\",\"status\":200,\"duration\":\"56ms\",\"params\":{},\"query\":{}}","timestamp":"2025-06-25T08:52:57.748Z"}
{"level":"info","message":"{\"method\":\"GET\",\"path\":\"/\",\"status\":200,\"duration\":\"76ms\",\"params\":{},\"query\":{}}","timestamp":"2025-06-25T08:52:57.772Z"}
{"level":"info","message":"{\"method\":\"GET\",\"path\":\"/\",\"status\":304,\"duration\":\"26ms\",\"params\":{},\"query\":{}}","timestamp":"2025-06-25T08:52:58.707Z"}
{"level":"info","message":"{\"method\":\"GET\",\"path\":\"/\",\"status\":304,\"duration\":\"42ms\",\"params\":{},\"query\":{}}","timestamp":"2025-06-25T08:52:59.260Z"}
{"level":"info","message":"{\"method\":\"GET\",\"path\":\"/\",\"status\":304,\"duration\":\"60ms\",\"params\":{},\"query\":{}}","timestamp":"2025-06-25T08:52:59.283Z"}
{"level":"info","message":"{\"method\":\"POST\",\"path\":\"/\",\"status\":201,\"duration\":\"42ms\",\"params\":{},\"query\":{},\"body\":{\"name\":\"nofdf\",\"classId\":\"CLASS_1750841590174\"}}","timestamp":"2025-06-25T08:53:10.478Z"}
{"level":"info","message":"{\"method\":\"GET\",\"path\":\"/\",\"status\":200,\"duration\":\"34ms\",\"params\":{},\"query\":{}}","timestamp":"2025-06-25T08:53:10.522Z"}
{"level":"info","message":"{\"method\":\"GET\",\"path\":\"/stats\",\"status\":200,\"duration\":\"47ms\",\"params\":{},\"query\":{}}","timestamp":"2025-06-25T08:58:36.847Z"}
{"level":"info","message":"{\"method\":\"GET\",\"path\":\"/\",\"status\":200,\"duration\":\"19ms\",\"params\":{},\"query\":{}}","timestamp":"2025-06-25T08:59:58.756Z"}
{"level":"info","message":"{\"method\":\"GET\",\"path\":\"/\",\"status\":304,\"duration\":\"27ms\",\"params\":{},\"query\":{}}","timestamp":"2025-06-25T08:59:58.772Z"}
{"level":"info","message":"{\"method\":\"GET\",\"path\":\"/stats\",\"status\":304,\"duration\":\"55ms\",\"params\":{},\"query\":{}}","timestamp":"2025-06-25T08:59:59.925Z"}
{"level":"info","message":"Server started on port 5000","timestamp":"2025-06-25T09:12:44.544Z"}
{"level":"info","message":"{\"method\":\"GET\",\"path\":\"/\",\"status\":200,\"duration\":\"114ms\",\"params\":{},\"query\":{}}","timestamp":"2025-06-25T09:13:04.204Z"}
{"level":"info","message":"{\"method\":\"GET\",\"path\":\"/\",\"status\":304,\"duration\":\"78ms\",\"params\":{},\"query\":{}}","timestamp":"2025-06-25T09:13:04.243Z"}
{"level":"info","message":"{\"method\":\"POST\",\"path\":\"/\",\"status\":400,\"duration\":\"22ms\",\"params\":{},\"query\":{},\"body\":{\"firstName\":\"eben\",\"lastName\":\"drip\",\"studentId\":\"STU_1750842808484\",\"admission_number\":\"123454\"}}","timestamp":"2025-06-25T09:13:28.538Z"}
{"level":"info","message":"{\"method\":\"POST\",\"path\":\"/\",\"status\":400,\"duration\":\"17ms\",\"params\":{},\"query\":{},\"body\":{\"firstName\":\"eben\",\"lastName\":\"drip\",\"studentId\":\"STU_1750843033720\",\"admission_number\":\"123454\"}}","timestamp":"2025-06-25T09:17:13.746Z"}
{"level":"info","message":"{\"method\":\"GET\",\"path\":\"/\",\"status\":304,\"duration\":\"16ms\",\"params\":{},\"query\":{}}","timestamp":"2025-06-25T09:18:43.646Z"}
{"level":"info","message":"{\"method\":\"GET\",\"path\":\"/\",\"status\":200,\"duration\":\"23ms\",\"params\":{},\"query\":{}}","timestamp":"2025-06-25T09:18:51.138Z"}
{"level":"info","message":"{\"method\":\"GET\",\"path\":\"/\",\"status\":304,\"duration\":\"65ms\",\"params\":{},\"query\":{}}","timestamp":"2025-06-25T09:18:51.186Z"}
{"level":"info","message":"{\"method\":\"POST\",\"path\":\"/\",\"status\":400,\"duration\":\"13ms\",\"params\":{},\"query\":{},\"body\":{\"firstName\":\"chucks\",\"lastName\":\"dden\",\"studentId\":\"STU_1750843148129\",\"admission_number\":\"235357568\"}}","timestamp":"2025-06-25T09:19:08.147Z"}
{"level":"info","message":"Server started on port 5000","timestamp":"2025-06-25T09:21:52.654Z"}
{"level":"info","message":"{\"method\":\"POST\",\"path\":\"/\",\"status\":400,\"duration\":\"67ms\",\"params\":{},\"query\":{},\"body\":{\"firstName\":\"eben\",\"lastName\":\"drip\",\"studentId\":\"STU_1750845786025\",\"admission_number\":\"123454\"}}","timestamp":"2025-06-25T10:03:07.037Z"}
{"level":"info","message":"{\"method\":\"GET\",\"path\":\"/\",\"status\":304,\"duration\":\"174ms\",\"params\":{},\"query\":{}}","timestamp":"2025-06-25T10:06:07.059Z"}
{"level":"info","message":"{\"method\":\"GET\",\"path\":\"/\",\"status\":200,\"duration\":\"192ms\",\"params\":{},\"query\":{}}","timestamp":"2025-06-25T10:06:07.093Z"}
{"level":"info","message":"{\"method\":\"POST\",\"path\":\"/\",\"status\":400,\"duration\":\"22ms\",\"params\":{},\"query\":{},\"body\":{\"firstName\":\"eben\",\"lastName\":\"drip\",\"dateOfBirth\":\"2015-04-05T23:00:00.000Z\",\"admission_number\":\"123454\"}}","timestamp":"2025-06-25T10:06:32.489Z"}
